<?xml version="1.0" encoding="UTF-8"?>
<!-- Generated by org.testng.reporters.JUnitXMLReporter -->
<testsuite hostname="DESKTOP-0KUA5I0" ignored="0" name="Default test" tests="6" failures="0" timestamp="03 Jun 2020 04:22:04 GMT" time="35.025" errors="0">
  <testcase name="validateMovieLanguage" time="14.528" classname="com.api.assignment.TestMoviesUpcoming"/>
  <testcase name="validateMoviePromoCodeIsUnique" time="0.208" classname="com.api.assignment.TestMoviesUpcoming"/>
  <testcase name="validateMovieReleaseDate" time="0.206" classname="com.api.assignment.TestMoviesUpcoming"/>
  <testcase name="validateMovieURL" time="0.132" classname="com.api.assignment.TestMoviesUpcoming"/>
  <testcase name="validateStatusCode" time="0.019" classname="com.api.assignment.TestMoviesUpcoming"/>
  <testcase name="writeMovieNamesToExcelSheet" time="4.177" classname="com.api.assignment.TestMoviesUpcoming"/>
</testsuite> <!-- Default test -->
